<?xml version="1.0" encoding="UTF-8"?>
<!-- Generated by org.testng.reporters.JUnitReportReporter -->
<testsuite hostname="DESKTOP-C720OUB" failures="0" tests="1" name="tests.AddContactTest" time="6.005" errors="0" timestamp="2025-04-27T10:46:02 IST" skipped="0">
  <testcase classname="tests.AddContactTest" name="testAddContact" time="6.005"/>
</testsuite> <!-- tests.AddContactTest -->
