<?xml version="1.0" encoding="UTF-8"?>
<!-- Generated by org.testng.reporters.JUnitReportReporter -->
<testsuite hostname="DESKTOP-C720OUB" failures="0" tests="1" name="tests.LoginTest" time="3.517" errors="0" timestamp="2025-04-27T10:44:47 IST" skipped="0">
  <testcase classname="tests.LoginTest" name="testLogin" time="3.517"/>
</testsuite> <!-- tests.LoginTest -->
