<?xml version="1.0" encoding="UTF-8"?>
<!-- Generated by org.testng.reporters.JUnitReportReporter -->
<testsuite hostname="DESKTOP-C720OUB" failures="0" tests="1" name="tests.SignupTest" time="4.497" errors="0" timestamp="2025-04-27T10:47:00 IST" skipped="0">
  <testcase classname="tests.SignupTest" name="testSignup" time="4.497"/>
</testsuite> <!-- tests.SignupTest -->
