<?xml version="1.0" encoding="UTF-8"?>
<!-- Generated by org.testng.reporters.JUnitReportReporter -->
<testsuite hostname="DESKTOP-C720OUB" failures="0" tests="1" name="tests.DeleteContactTest" time="5.294" errors="0" timestamp="2025-04-27T19:40:30 IST" skipped="0">
  <testcase classname="tests.DeleteContactTest" name="testDeleteContact" time="5.294"/>
</testsuite> <!-- tests.DeleteContactTest -->
